19:10:10 | INFO | ============================================================
19:10:10 | INFO |   AlgoOptions India — Production Trading Bot v2.0
19:10:10 | INFO |   Strategy: PDH+CPR+EMA+VWAP (Nifty) | ORB (BankNifty)
19:10:10 | INFO | ============================================================
19:10:10 | INFO | Open browser: http://localhost:8000
19:10:10 | INFO | API docs:     http://localhost:8000/docs
19:12:15 | INFO | ============================================================
19:12:15 | INFO |   AlgoOptions India — Production Trading Bot v2.0
19:12:15 | INFO |   Strategy: PDH+CPR+EMA+VWAP (Nifty) | ORB (BankNifty)
19:12:15 | INFO | ============================================================
19:12:15 | INFO | Open browser: http://localhost:8000
19:12:15 | INFO | API docs:     http://localhost:8000/docs
19:12:57 | INFO | ============================================================
19:12:57 | INFO |   AlgoOptions India — Production Trading Bot v2.0
19:12:57 | INFO |   Strategy: PDH+CPR+EMA+VWAP (Nifty) | ORB (BankNifty)
19:12:57 | INFO | ============================================================
19:12:57 | INFO | Open browser: http://localhost:8000
19:12:57 | INFO | API docs:     http://localhost:8000/docs
19:13:21 | INFO | ============================================================
19:13:21 | INFO |   AlgoOptions India — Production Trading Bot v2.0
19:13:21 | INFO |   Strategy: PDH+CPR+EMA+VWAP (Nifty) | ORB (BankNifty)
19:13:21 | INFO | ============================================================
19:13:21 | INFO | Open browser: http://localhost:8000
19:13:21 | INFO | API docs:     http://localhost:8000/docs
19:15:07 | INFO | ============================================================
19:15:07 | INFO |   AlgoOptions India — Production Trading Bot v2.0
19:15:07 | INFO |   Strategy: PDH+CPR+EMA+VWAP (Nifty) | ORB (BankNifty)
19:15:07 | INFO | ============================================================
19:15:07 | INFO | Open browser: http://localhost:8000
19:15:07 | INFO | API docs:     http://localhost:8000/docs
19:15:23 | INFO | ============================================================
19:15:23 | INFO |   AlgoOptions India — Production Trading Bot v2.0
19:15:23 | INFO |   Strategy: PDH+CPR+EMA+VWAP (Nifty) | ORB (BankNifty)
19:15:23 | INFO | ============================================================
19:15:23 | INFO | Open browser: http://localhost:8000
19:15:23 | INFO | API docs:     http://localhost:8000/docs
19:15:27 | INFO | AlgoOptions India backend started
19:15:59 | INFO | ============================================================
19:15:59 | INFO |   AlgoOptions India — Production Trading Bot v2.0
19:15:59 | INFO |   Strategy: PDH+CPR+EMA+VWAP (Nifty) | ORB (BankNifty)
19:15:59 | INFO | ============================================================
19:15:59 | INFO | Open browser: http://localhost:8000
19:15:59 | INFO | API docs:     http://localhost:8000/docs
19:16:00 | INFO | AlgoOptions India backend started
